2019-04-23 14:51:27.628 DEBUG [main] org.apache.ibatis.logging.LogFactory.setImplementation():115 -Logging initialized using 'class org.apache.ibatis.logging.slf4j.Slf4jImpl' adapter.
2019-04-23 14:54:41.814 DEBUG [main] org.apache.ibatis.logging.LogFactory.setImplementation():115 -Logging initialized using 'class org.apache.ibatis.logging.slf4j.Slf4jImpl' adapter.
2019-04-23 14:59:41.961 DEBUG [main] org.apache.ibatis.logging.LogFactory.setImplementation():115 -Logging initialized using 'class org.apache.ibatis.logging.slf4j.Slf4jImpl' adapter.
2019-04-23 15:04:32.004 DEBUG [main] org.apache.ibatis.logging.LogFactory.setImplementation():115 -Logging initialized using 'class org.apache.ibatis.logging.slf4j.Slf4jImpl' adapter.
2019-04-23 15:28:21.974 DEBUG [main] org.apache.ibatis.logging.LogFactory.setImplementation():115 -Logging initialized using 'class org.apache.ibatis.logging.slf4j.Slf4jImpl' adapter.
2019-04-23 15:28:22.814 DEBUG [main] org.mybatis.spring.SqlSessionFactoryBean.buildSqlSessionFactory():358 -Property 'configLocation' not specified, using default MyBatis Configuration
2019-04-23 15:28:23.002 DEBUG [main] org.mybatis.spring.SqlSessionFactoryBean.buildSqlSessionFactory():468 -Parsed mapper file: 'file [D:\work\Practice\Java\demo\target\classes\com\ssm\demo\mapper\UserMapper.xml]'
2019-04-23 15:28:23.150 DEBUG [main] org.mybatis.spring.SqlSessionUtils.getSqlSession():106 -Creating a new SqlSession
2019-04-23 15:28:23.156 DEBUG [main] org.mybatis.spring.SqlSessionUtils.getSqlSession():142 -SqlSession [org.apache.ibatis.session.defaults.DefaultSqlSession@2415fc55] was not registered for synchronization because synchronization is not active
2019-04-23 15:28:23.196 DEBUG [main] org.mybatis.spring.transaction.SpringManagedTransaction.openConnection():85 -JDBC Connection [com.alibaba.druid.proxy.jdbc.ConnectionProxyImpl@797b0699] will not be managed by Spring
2019-04-23 15:28:23.198 DEBUG [main] com.ssm.demo.dao.IUserDAO.selectByPrimaryKey.debug():132 -ooo Using Connection [com.alibaba.druid.proxy.jdbc.ConnectionProxyImpl@797b0699]
2019-04-23 15:28:23.206 DEBUG [main] com.ssm.demo.dao.IUserDAO.selectByPrimaryKey.debug():132 -==>  Preparing: select id, user_name, password, age from user_t where id = ? 
2019-04-23 15:28:23.356 DEBUG [main] com.ssm.demo.dao.IUserDAO.selectByPrimaryKey.debug():132 -==> Parameters: 1(Integer)
2019-04-23 15:28:23.402 DEBUG [main] org.mybatis.spring.SqlSessionUtils.closeSqlSession():170 -Closing non transactional SqlSession [org.apache.ibatis.session.defaults.DefaultSqlSession@2415fc55]
2019-04-23 15:28:54.774 DEBUG [main] org.apache.ibatis.logging.LogFactory.setImplementation():115 -Logging initialized using 'class org.apache.ibatis.logging.slf4j.Slf4jImpl' adapter.
2019-04-23 15:28:55.574 DEBUG [main] org.mybatis.spring.SqlSessionFactoryBean.buildSqlSessionFactory():358 -Property 'configLocation' not specified, using default MyBatis Configuration
2019-04-23 15:28:55.790 DEBUG [main] org.mybatis.spring.SqlSessionFactoryBean.buildSqlSessionFactory():468 -Parsed mapper file: 'file [D:\work\Practice\Java\demo\target\classes\com\ssm\demo\mapper\UserMapper.xml]'
2019-04-23 15:28:55.840 DEBUG [main] org.mybatis.spring.SqlSessionUtils.getSqlSession():106 -Creating a new SqlSession
2019-04-23 15:28:55.846 DEBUG [main] org.mybatis.spring.SqlSessionUtils.getSqlSession():142 -SqlSession [org.apache.ibatis.session.defaults.DefaultSqlSession@2415fc55] was not registered for synchronization because synchronization is not active
2019-04-23 15:28:55.882 DEBUG [main] org.mybatis.spring.transaction.SpringManagedTransaction.openConnection():85 -JDBC Connection [com.alibaba.druid.proxy.jdbc.ConnectionProxyImpl@797b0699] will not be managed by Spring
2019-04-23 15:28:55.883 DEBUG [main] com.ssm.demo.dao.IUserDAO.selectByPrimaryKey.debug():132 -ooo Using Connection [com.alibaba.druid.proxy.jdbc.ConnectionProxyImpl@797b0699]
2019-04-23 15:28:55.889 DEBUG [main] com.ssm.demo.dao.IUserDAO.selectByPrimaryKey.debug():132 -==>  Preparing: select id, user_name, password, age from user_t where id = ? 
2019-04-23 15:28:56.073 DEBUG [main] com.ssm.demo.dao.IUserDAO.selectByPrimaryKey.debug():132 -==> Parameters: 1(Integer)
2019-04-23 15:28:56.106 DEBUG [main] org.mybatis.spring.SqlSessionUtils.closeSqlSession():170 -Closing non transactional SqlSession [org.apache.ibatis.session.defaults.DefaultSqlSession@2415fc55]
2019-04-23 15:42:36.762 DEBUG [main] org.apache.ibatis.logging.LogFactory.setImplementation():115 -Logging initialized using 'class org.apache.ibatis.logging.slf4j.Slf4jImpl' adapter.
2019-04-23 15:42:37.536 DEBUG [main] org.mybatis.spring.SqlSessionFactoryBean.buildSqlSessionFactory():358 -Property 'configLocation' not specified, using default MyBatis Configuration
2019-04-23 15:42:37.674 DEBUG [main] org.mybatis.spring.SqlSessionFactoryBean.buildSqlSessionFactory():468 -Parsed mapper file: 'file [D:\work\Practice\Java\demo\target\classes\com\ssm\demo\mapper\UserMapper.xml]'
2019-04-23 15:42:37.780 DEBUG [main] org.mybatis.spring.SqlSessionUtils.getSqlSession():106 -Creating a new SqlSession
2019-04-23 15:42:37.786 DEBUG [main] org.mybatis.spring.SqlSessionUtils.getSqlSession():142 -SqlSession [org.apache.ibatis.session.defaults.DefaultSqlSession@24c22fe] was not registered for synchronization because synchronization is not active
2019-04-23 15:42:37.837 DEBUG [main] org.mybatis.spring.transaction.SpringManagedTransaction.openConnection():85 -JDBC Connection [com.alibaba.druid.proxy.jdbc.ConnectionProxyImpl@4a3631f8] will not be managed by Spring
2019-04-23 15:42:37.839 DEBUG [main] com.ssm.demo.dao.IUserDAO.selectByPrimaryKey.debug():132 -ooo Using Connection [com.alibaba.druid.proxy.jdbc.ConnectionProxyImpl@4a3631f8]
2019-04-23 15:42:37.848 DEBUG [main] com.ssm.demo.dao.IUserDAO.selectByPrimaryKey.debug():132 -==>  Preparing: select id, user_name, password, age from user_t where id = ? 
2019-04-23 15:42:37.974 DEBUG [main] com.ssm.demo.dao.IUserDAO.selectByPrimaryKey.debug():132 -==> Parameters: 1(Integer)
2019-04-23 15:42:38.035 DEBUG [main] org.mybatis.spring.SqlSessionUtils.closeSqlSession():170 -Closing non transactional SqlSession [org.apache.ibatis.session.defaults.DefaultSqlSession@24c22fe]
2019-04-23 15:43:52.462 DEBUG [main] org.apache.ibatis.logging.LogFactory.setImplementation():115 -Logging initialized using 'class org.apache.ibatis.logging.slf4j.Slf4jImpl' adapter.
2019-04-23 15:43:53.297 DEBUG [main] org.mybatis.spring.SqlSessionFactoryBean.buildSqlSessionFactory():358 -Property 'configLocation' not specified, using default MyBatis Configuration
2019-04-23 15:43:53.439 DEBUG [main] org.mybatis.spring.SqlSessionFactoryBean.buildSqlSessionFactory():468 -Parsed mapper file: 'file [D:\work\Practice\Java\demo\target\classes\com\ssm\demo\mapper\UserMapper.xml]'
2019-04-23 15:43:53.548 DEBUG [main] org.mybatis.spring.SqlSessionUtils.getSqlSession():106 -Creating a new SqlSession
2019-04-23 15:43:53.554 DEBUG [main] org.mybatis.spring.SqlSessionUtils.getSqlSession():142 -SqlSession [org.apache.ibatis.session.defaults.DefaultSqlSession@24c22fe] was not registered for synchronization because synchronization is not active
2019-04-23 15:43:53.589 DEBUG [main] org.mybatis.spring.transaction.SpringManagedTransaction.openConnection():85 -JDBC Connection [com.alibaba.druid.proxy.jdbc.ConnectionProxyImpl@4a3631f8] will not be managed by Spring
2019-04-23 15:43:53.590 DEBUG [main] com.ssm.demo.dao.IUserDAO.selectByPrimaryKey.debug():132 -ooo Using Connection [com.alibaba.druid.proxy.jdbc.ConnectionProxyImpl@4a3631f8]
2019-04-23 15:43:53.596 DEBUG [main] com.ssm.demo.dao.IUserDAO.selectByPrimaryKey.debug():132 -==>  Preparing: select id, user_name, password, age from user_t where id = ? 
2019-04-23 15:43:53.791 DEBUG [main] com.ssm.demo.dao.IUserDAO.selectByPrimaryKey.debug():132 -==> Parameters: 1(Integer)
2019-04-23 15:43:53.819 DEBUG [main] org.mybatis.spring.SqlSessionUtils.closeSqlSession():170 -Closing non transactional SqlSession [org.apache.ibatis.session.defaults.DefaultSqlSession@24c22fe]
